<?xml version="1.0" encoding="UTF-8"?>
<!-- Generated by org.testng.reporters.JUnitXMLReporter -->
<testsuite hostname="DESKTOP-SLQDHQD" ignored="0" name="Default test" tests="3" failures="0" timestamp="11 Dec 2019 04:38:17 GMT" time="10.365" errors="0">
  <testcase name="verifyAddToCart" time="4.926" classname="package2.DressPageTest"/>
  <testcase name="verifyIcons" time="2.916" classname="package2.DressPageTest"/>
  <testcase name="verifyProductCount" time="2.484" classname="package2.DressPageTest"/>
</testsuite> <!-- Default test -->
