<?xml version="1.0" encoding="UTF-8"?>
<testng-results skipped="0" failed="0" ignored="0" total="1" passed="1">
  <reporter-output>
  </reporter-output>
  <suite name="Default suite" duration-ms="1498" started-at="2019-12-12T13:36:44Z" finished-at="2019-12-12T13:36:46Z">
    <groups>
    </groups>
    <test name="Default test" duration-ms="1498" started-at="2019-12-12T13:36:44Z" finished-at="2019-12-12T13:36:46Z">
      <class name="package2.Excel">
        <test-method status="PASS" signature="Excel()[pri:0, instance:package2.Excel@42d80b78]" name="Excel" duration-ms="1452" started-at="2019-12-12T13:36:44Z" finished-at="2019-12-12T13:36:46Z">
          <reporter-output>
          </reporter-output>
        </test-method> <!-- Excel -->
      </class> <!-- package2.Excel -->
    </test> <!-- Default test -->
  </suite> <!-- Default suite -->
</testng-results>
